#
# There is insufficient memory for the Java Runtime Environment to continue.
# Native memory allocation (malloc) failed to allocate 1180976 bytes for Chunk::new
# Possible reasons:
#   The system is out of physical RAM or swap space
#   The process is running with CompressedOops enabled, and the Java Heap may be blocking the growth of the native heap
# Possible solutions:
#   Reduce memory load on the system
#   Increase physical memory or swap space
#   Check if swap backing store is full
#   Decrease Java heap size (-Xmx/-Xms)
#   Decrease number of Java threads
#   Decrease Java thread stack sizes (-Xss)
#   Set larger code cache with -XX:ReservedCodeCacheSize=
#   JVM is running with Zero Based Compressed Oops mode in which the Java heap is
#     placed in the first 32GB address space. The Java Heap base address is the
#     maximum limit for the native heap growth. Please use -XX:HeapBaseMinAddress
#     to set the Java Heap base and to place the Java Heap above 32GB virtual address.
# This output file may be truncated or incomplete.
#
#  Out of Memory Error (src/hotspot/share/memory/arena.cpp:197), pid=10236, tid=8776
#
# JRE version: OpenJDK Runtime Environment (11.0.15) (build 11.0.15+0-b2043.56-9505619)
# Java VM: OpenJDK 64-Bit Server VM (11.0.15+0-b2043.56-9505619, mixed mode, tiered, compressed oops, g1 gc, windows-amd64)
# No core dump will be written. Minidumps are not enabled by default on client versions of Windows
#

---------------  S U M M A R Y ------------

Command Line: --add-opens=java.base/java.util=ALL-UNNAMED --add-opens=java.base/java.lang=ALL-UNNAMED --add-opens=java.base/java.lang.invoke=ALL-UNNAMED --add-opens=java.prefs/java.util.prefs=ALL-UNNAMED --add-opens=java.base/java.nio.charset=ALL-UNNAMED --add-opens=java.base/java.net=ALL-UNNAMED --add-opens=java.base/java.util.concurrent.atomic=ALL-UNNAMED -Xmx4608m -Dfile.encoding=UTF-8 -Duser.country=RU -Duser.language=ru -Duser.variant -javaagent:C:\Users\¿ËÌ‡\.gradle\wrapper\dists\gradle-8.7-bin\bhs2wmbdwecv87pi65oeuq5iu\gradle-8.7\lib\agents\gradle-instrumentation-agent-8.7.jar org.gradle.launcher.daemon.bootstrap.GradleDaemon 8.7

Host: AMD Ryzen 5 4500U with Radeon Graphics         , 6 cores, 7G,  Windows 10 , 64 bit Build 19041 (10.0.19041.3636)
Time: Thu Aug  1 15:15:21 2024  Windows 10 , 64 bit Build 19041 (10.0.19041.3636) elapsed time: 3.230437 seconds (0d 0h 0m 3s)

---------------  T H R E A D  ---------------

Current thread (0x0000025adf3dc800):  JavaThread "C2 CompilerThread0" daemon [_thread_in_native, id=8776, stack(0x000000f9bc400000,0x000000f9bc500000)]


Current CompileTask:
C2:   3230 2261       4       java.net.URLClassLoader$1::run (5 bytes)

Stack: [0x000000f9bc400000,0x000000f9bc500000]
Native frames: (J=compiled Java code, j=interpreted, Vv=VM code, C=native code)
V  [jvm.dll+0x64135a]
V  [jvm.dll+0x7d39f9]
V  [jvm.dll+0x7d51b9]
V  [jvm.dll+0x7d58a3]
V  [jvm.dll+0x2691c5]
V  [jvm.dll+0xc1a5c]
V  [jvm.dll+0xc200c]
V  [jvm.dll+0x3774a7]
V  [jvm.dll+0x1b3732]
V  [jvm.dll+0x22163e]
V  [jvm.dll+0x220498]
V  [jvm.dll+0x19e851]
V  [jvm.dll+0x230479]
V  [jvm.dll+0x22e5ef]
V  [jvm.dll+0x794de1]
V  [jvm.dll+0x78dc24]
V  [jvm.dll+0x6400f6]
C  [ucrtbase.dll+0x21bb2]
C  [KERNEL32.DLL+0x17344]
C  [ntdll.dll+0x4cc91]


---------------  P R O C E S S  ---------------

Threads class SMR info:
_java_thread_list=0x0000025ae12714f0, length=24, elements={
0x0000025abea97000, 0x0000025adeb5b000, 0x0000025adeb64000, 0x0000025adf3d6800,
0x0000025adf3d7800, 0x0000025adf3d8800, 0x0000025adf3dc800, 0x0000025adf3e2800,
0x0000025adf3e4000, 0x0000025adf551800, 0x0000025ae2a1d800, 0x0000025ae170f800,
0x0000025adf561800, 0x0000025ae0dcd800, 0x0000025ae1f43000, 0x0000025ae298f000,
0x0000025ae2955800, 0x0000025ae05dd800, 0x0000025ae05de800, 0x0000025ae29e4800,
0x0000025ae2cb7800, 0x0000025ae2ba4000, 0x0000025ae2b9e800, 0x0000025ae2ba0000
}

Java Threads: ( => current thread )
  0x0000025abea97000 JavaThread "main" [_thread_blocked, id=14108, stack(0x000000f9bb800000,0x000000f9bb900000)]
  0x0000025adeb5b000 JavaThread "Reference Handler" daemon [_thread_blocked, id=7116, stack(0x000000f9bbf00000,0x000000f9bc000000)]
  0x0000025adeb64000 JavaThread "Finalizer" daemon [_thread_blocked, id=268, stack(0x000000f9bc000000,0x000000f9bc100000)]
  0x0000025adf3d6800 JavaThread "Signal Dispatcher" daemon [_thread_blocked, id=13644, stack(0x000000f9bc100000,0x000000f9bc200000)]
  0x0000025adf3d7800 JavaThread "Attach Listener" daemon [_thread_blocked, id=8652, stack(0x000000f9bc200000,0x000000f9bc300000)]
  0x0000025adf3d8800 JavaThread "Service Thread" daemon [_thread_blocked, id=14436, stack(0x000000f9bc300000,0x000000f9bc400000)]
=>0x0000025adf3dc800 JavaThread "C2 CompilerThread0" daemon [_thread_in_native, id=8776, stack(0x000000f9bc400000,0x000000f9bc500000)]
  0x0000025adf3e2800 JavaThread "C1 CompilerThread0" daemon [_thread_blocked, id=8548, stack(0x000000f9bc500000,0x000000f9bc600000)]
  0x0000025adf3e4000 JavaThread "Sweeper thread" daemon [_thread_blocked, id=13468, stack(0x000000f9bc600000,0x000000f9bc700000)]
  0x0000025adf551800 JavaThread "Common-Cleaner" daemon [_thread_blocked, id=16172, stack(0x000000f9bc700000,0x000000f9bc800000)]
  0x0000025ae2a1d800 JavaThread "Daemon health stats" [_thread_blocked, id=4924, stack(0x000000f9bcb00000,0x000000f9bcc00000)]
  0x0000025ae170f800 JavaThread "C2 CompilerThread1" daemon [_thread_in_vm, id=10304, stack(0x000000f9bc800000,0x000000f9bc900000)]
  0x0000025adf561800 JavaThread "Incoming local TCP Connector on port 53512" [_thread_in_native, id=12564, stack(0x000000f9bcc00000,0x000000f9bcd00000)]
  0x0000025ae0dcd800 JavaThread "Daemon periodic checks" [_thread_blocked, id=8188, stack(0x000000f9bcd00000,0x000000f9bce00000)]
  0x0000025ae1f43000 JavaThread "Daemon" [_thread_blocked, id=1152, stack(0x000000f9bce00000,0x000000f9bcf00000)]
  0x0000025ae298f000 JavaThread "Handler for socket connection from /127.0.0.1:53512 to /127.0.0.1:53513" [_thread_in_native, id=12476, stack(0x000000f9bcf00000,0x000000f9bd000000)]
  0x0000025ae2955800 JavaThread "Cancel handler" [_thread_blocked, id=9312, stack(0x000000f9bd000000,0x000000f9bd100000)]
  0x0000025ae05dd800 JavaThread "Daemon worker" [_thread_in_vm, id=12384, stack(0x000000f9bd100000,0x000000f9bd200000)]
  0x0000025ae05de800 JavaThread "Asynchronous log dispatcher for DefaultDaemonConnection: socket connection from /127.0.0.1:53512 to /127.0.0.1:53513" [_thread_blocked, id=4736, stack(0x000000f9bd200000,0x000000f9bd300000)]
  0x0000025ae29e4800 JavaThread "Stdin handler" [_thread_blocked, id=9976, stack(0x000000f9bd300000,0x000000f9bd400000)]
  0x0000025ae2cb7800 JavaThread "Daemon client event forwarder" [_thread_blocked, id=15312, stack(0x000000f9bd400000,0x000000f9bd500000)]
  0x0000025ae2ba4000 JavaThread "Cache worker for journal cache (C:\Users\–ê—Ä–∏–Ω–∞\.gradle\caches\journal-1)" [_thread_blocked, id=14240, stack(0x000000f9bda00000,0x000000f9bdb00000)]
  0x0000025ae2b9e800 JavaThread "File lock request listener" [_thread_in_native, id=3680, stack(0x000000f9bdb00000,0x000000f9bdc00000)]
  0x0000025ae2ba0000 JavaThread "Cache worker for file hash cache (C:\Users\–ê—Ä–∏–Ω–∞\.gradle\caches\8.7\fileHashes)" [_thread_blocked, id=13580, stack(0x000000f9bdc00000,0x000000f9bdd00000)]

Other Threads:
  0x0000025adeb47800 VMThread "VM Thread" [stack: 0x000000f9bbe00000,0x000000f9bbf00000] [id=8580]
  0x0000025adf8e1800 WatcherThread [stack: 0x000000f9bc900000,0x000000f9bca00000] [id=13920]
  0x0000025abeab0800 GCTaskThread "GC Thread#0" [stack: 0x000000f9bb900000,0x000000f9bba00000] [id=8604]
  0x0000025ae00c8800 GCTaskThread "GC Thread#1" [stack: 0x000000f9bca00000,0x000000f9bcb00000] [id=5428]
  0x0000025ae153f800 GCTaskThread "GC Thread#2" [stack: 0x000000f9bd500000,0x000000f9bd600000] [id=3244]
  0x0000025ae0bf7800 GCTaskThread "GC Thread#3" [stack: 0x000000f9bd600000,0x000000f9bd700000] [id=6612]
  0x0000025adfca5800 GCTaskThread "GC Thread#4" [stack: 0x000000f9bd700000,0x000000f9bd800000] [id=10628]
  0x0000025ae0e52000 GCTaskThread "GC Thread#5" [stack: 0x000000f9bd800000,0x000000f9bd900000] [id=5160]
  0x0000025abeb17000 ConcurrentGCThread "G1 Main Marker" [stack: 0x000000f9bba00000,0x000000f9bbb00000] [id=15032]
  0x0000025abeb18800 ConcurrentGCThread "G1 Conc#0" [stack: 0x000000f9bbb00000,0x000000f9bbc00000] [id=5856]
  0x0000025ae0c69800 ConcurrentGCThread "G1 Conc#1" [stack: 0x000000f9bd900000,0x000000f9bda00000] [id=10912]
  0x0000025ade9ad800 ConcurrentGCThread "G1 Refine#0" [stack: 0x000000f9bbc00000,0x000000f9bbd00000] [id=6764]
  0x0000025ade9ae000 ConcurrentGCThread "G1 Young RemSet Sampling" [stack: 0x000000f9bbd00000,0x000000f9bbe00000] [id=11784]

Threads with active compile tasks:
C2 CompilerThread0     3255 2261       4       java.net.URLClassLoader$1::run (5 bytes)
C1 CompilerThread0     3255 2327   !   3       sun.reflect.annotation.AnnotationParser::parseAnnotation2 (284 bytes)
C2 CompilerThread1     3255 2326   !   4       java.net.URLClassLoader$1::run (81 bytes)

VM state:not at safepoint (normal execution)

VM Mutex/Monitor currently owned by a thread: None

Heap address: 0x00000006e0000000, size: 4608 MB, Compressed Oops mode: Zero based, Oop shift amount: 3
Narrow klass base: 0x0000000800000000, Narrow klass shift: 0
Compressed class space size: 1073741824 Address: 0x0000000800000000

Heap:
 garbage-first heap   total 120832K, used 25200K [0x00000006e0000000, 0x0000000800000000)
  region size 1024K, 10 young (10240K), 5 survivors (5120K)
 Metaspace       used 26242K, capacity 26968K, committed 27136K, reserved 1073152K
  class space    used 3307K, capacity 3567K, committed 3584K, reserved 1048576K
Heap Regions: E=young(eden), S=young(survivor), O=old, HS=humongous(starts), HC=humongous(continues), CS=collection set, F=free, A=archive, TAMS=top-at-mark-start (previous, next)
|   0|0x00000006e0000000, 0x00000006e0100000, 0x00000006e0100000|100%|HS|  |TAMS 0x00000006e0100000, 0x00000006e0000000| Complete 
|   1|0x00000006e0100000, 0x00000006e0200000, 0x00000006e0200000|100%|HC|  |TAMS 0x00000006e0200000, 0x00000006e0100000| Complete 
|   2|0x00000006e0200000, 0x00000006e0300000, 0x00000006e0300000|100%|HC|  |TAMS 0x00000006e0300000, 0x00000006e0200000| Complete 
|   3|0x00000006e0300000, 0x00000006e0400000, 0x00000006e0400000|100%|HC|  |TAMS 0x00000006e0400000, 0x00000006e0300000| Complete 
|   4|0x00000006e0400000, 0x00000006e0500000, 0x00000006e0500000|100%| O|  |TAMS 0x00000006e0500000, 0x00000006e0400000| Untracked 
|   5|0x00000006e0500000, 0x00000006e0600000, 0x00000006e0600000|100%| O|  |TAMS 0x00000006e0600000, 0x00000006e0500000| Untracked 
|   6|0x00000006e0600000, 0x00000006e0700000, 0x00000006e0700000|100%| O|  |TAMS 0x00000006e0700000, 0x00000006e0600000| Untracked 
|   7|0x00000006e0700000, 0x00000006e0800000, 0x00000006e0800000|100%| O|  |TAMS 0x00000006e0800000, 0x00000006e0700000| Untracked 
|   8|0x00000006e0800000, 0x00000006e0900000, 0x00000006e0900000|100%| O|  |TAMS 0x00000006e0900000, 0x00000006e0800000| Untracked 
|   9|0x00000006e0900000, 0x00000006e0a00000, 0x00000006e0a00000|100%| O|  |TAMS 0x00000006e0a00000, 0x00000006e0900000| Untracked 
|  10|0x00000006e0a00000, 0x00000006e0b00000, 0x00000006e0b00000|100%| O|  |TAMS 0x00000006e0b00000, 0x00000006e0a00000| Untracked 
|  11|0x00000006e0b00000, 0x00000006e0c00000, 0x00000006e0c00000|100%| O|  |TAMS 0x00000006e0c00000, 0x00000006e0b00000| Untracked 
|  12|0x00000006e0c00000, 0x00000006e0d00000, 0x00000006e0d00000|100%| O|  |TAMS 0x00000006e0d00000, 0x00000006e0c00000| Untracked 
|  13|0x00000006e0d00000, 0x00000006e0e00000, 0x00000006e0e00000|100%| O|  |TAMS 0x00000006e0e00000, 0x00000006e0d00000| Untracked 
|  14|0x00000006e0e00000, 0x00000006e0f00000, 0x00000006e0f00000|100%| O|  |TAMS 0x00000006e0f00000, 0x00000006e0e00000| Untracked 
|  15|0x00000006e0f00000, 0x00000006e0ff2600, 0x00000006e1000000| 94%| O|  |TAMS 0x00000006e0ff2600, 0x00000006e0f00000| Untracked 
|  16|0x00000006e1000000, 0x00000006e1000000, 0x00000006e1100000|  0%| F|  |TAMS 0x00000006e1000000, 0x00000006e1000000| Untracked 
|  17|0x00000006e1100000, 0x00000006e1100000, 0x00000006e1200000|  0%| F|  |TAMS 0x00000006e1100000, 0x00000006e1100000| Untracked 
|  18|0x00000006e1200000, 0x00000006e1200000, 0x00000006e1300000|  0%| F|  |TAMS 0x00000006e1200000, 0x00000006e1200000| Untracked 
|  19|0x00000006e1300000, 0x00000006e1300000, 0x00000006e1400000|  0%| F|  |TAMS 0x00000006e1300000, 0x00000006e1300000| Untracked 
|  20|0x00000006e1400000, 0x00000006e1400000, 0x00000006e1500000|  0%| F|  |TAMS 0x00000006e1400000, 0x00000006e1400000| Untracked 
|  21|0x00000006e1500000, 0x00000006e1500000, 0x00000006e1600000|  0%| F|  |TAMS 0x00000006e1500000, 0x00000006e1500000| Untracked 
|  22|0x00000006e1600000, 0x00000006e1600000, 0x00000006e1700000|  0%| F|  |TAMS 0x00000006e1600000, 0x00000006e1600000| Untracked 
|  23|0x00000006e1700000, 0x00000006e1700000, 0x00000006e1800000|  0%| F|  |TAMS 0x00000006e1700000, 0x00000006e1700000| Untracked 
|  24|0x00000006e1800000, 0x00000006e1800000, 0x00000006e1900000|  0%| F|  |TAMS 0x00000006e1800000, 0x00000006e1800000| Untracked 
|  25|0x00000006e1900000, 0x00000006e1900000, 0x00000006e1a00000|  0%| F|  |TAMS 0x00000006e1900000, 0x00000006e1900000| Untracked 
|  26|0x00000006e1a00000, 0x00000006e1a00000, 0x00000006e1b00000|  0%| F|  |TAMS 0x00000006e1a00000, 0x00000006e1a00000| Untracked 
|  27|0x00000006e1b00000, 0x00000006e1b00000, 0x00000006e1c00000|  0%| F|  |TAMS 0x00000006e1b00000, 0x00000006e1b00000| Untracked 
|  28|0x00000006e1c00000, 0x00000006e1c00000, 0x00000006e1d00000|  0%| F|  |TAMS 0x00000006e1c00000, 0x00000006e1c00000| Untracked 
|  29|0x00000006e1d00000, 0x00000006e1d00000, 0x00000006e1e00000|  0%| F|  |TAMS 0x00000006e1d00000, 0x00000006e1d00000| Untracked 
|  30|0x00000006e1e00000, 0x00000006e1e00000, 0x00000006e1f00000|  0%| F|  |TAMS 0x00000006e1e00000, 0x00000006e1e00000| Untracked 
|  31|0x00000006e1f00000, 0x00000006e1f00000, 0x00000006e2000000|  0%| F|  |TAMS 0x00000006e1f00000, 0x00000006e1f00000| Untracked 
|  32|0x00000006e2000000, 0x00000006e2000000, 0x00000006e2100000|  0%| F|  |TAMS 0x00000006e2000000, 0x00000006e2000000| Untracked 
|  33|0x00000006e2100000, 0x00000006e2100000, 0x00000006e2200000|  0%| F|  |TAMS 0x00000006e2100000, 0x00000006e2100000| Untracked 
|  34|0x00000006e2200000, 0x00000006e2200000, 0x00000006e2300000|  0%| F|  |TAMS 0x00000006e2200000, 0x00000006e2200000| Untracked 
|  35|0x00000006e2300000, 0x00000006e2300000, 0x00000006e2400000|  0%| F|  |TAMS 0x00000006e2300000, 0x00000006e2300000| Untracked 
|  36|0x00000006e2400000, 0x00000006e2400000, 0x00000006e2500000|  0%| F|  |TAMS 0x00000006e2400000, 0x00000006e2400000| Untracked 
|  37|0x00000006e2500000, 0x00000006e2500000, 0x00000006e2600000|  0%| F|  |TAMS 0x00000006e2500000, 0x00000006e2500000| Untracked 
|  38|0x00000006e2600000, 0x00000006e2600000, 0x00000006e2700000|  0%| F|  |TAMS 0x00000006e2600000, 0x00000006e2600000| Untracked 
|  39|0x00000006e2700000, 0x00000006e2700000, 0x00000006e2800000|  0%| F|  |TAMS 0x00000006e2700000, 0x00000006e2700000| Untracked 
|  40|0x00000006e2800000, 0x00000006e2800000, 0x00000006e2900000|  0%| F|  |TAMS 0x00000006e2800000, 0x00000006e2800000| Untracked 
|  41|0x00000006e2900000, 0x00000006e2900000, 0x00000006e2a00000|  0%| F|  |TAMS 0x00000006e2900000, 0x00000006e2900000| Untracked 
|  42|0x00000006e2a00000, 0x00000006e2a00000, 0x00000006e2b00000|  0%| F|  |TAMS 0x00000006e2a00000, 0x00000006e2a00000| Untracked 
|  43|0x00000006e2b00000, 0x00000006e2b00000, 0x00000006e2c00000|  0%| F|  |TAMS 0x00000006e2b00000, 0x00000006e2b00000| Untracked 
|  44|0x00000006e2c00000, 0x00000006e2c00000, 0x00000006e2d00000|  0%| F|  |TAMS 0x00000006e2c00000, 0x00000006e2c00000| Untracked 
|  45|0x00000006e2d00000, 0x00000006e2d00000, 0x00000006e2e00000|  0%| F|  |TAMS 0x00000006e2d00000, 0x00000006e2d00000| Untracked 
|  46|0x00000006e2e00000, 0x00000006e2e00000, 0x00000006e2f00000|  0%| F|  |TAMS 0x00000006e2e00000, 0x00000006e2e00000| Untracked 
|  47|0x00000006e2f00000, 0x00000006e2fa9c00, 0x00000006e3000000| 66%| S|CS|TAMS 0x00000006e2f00000, 0x00000006e2f00000| Complete 
|  48|0x00000006e3000000, 0x00000006e3100000, 0x00000006e3100000|100%| S|CS|TAMS 0x00000006e3000000, 0x00000006e3000000| Complete 
|  49|0x00000006e3100000, 0x00000006e3200000, 0x00000006e3200000|100%| S|CS|TAMS 0x00000006e3100000, 0x00000006e3100000| Complete 
|  50|0x00000006e3200000, 0x00000006e3300000, 0x00000006e3300000|100%| S|CS|TAMS 0x00000006e3200000, 0x00000006e3200000| Complete 
|  51|0x00000006e3300000, 0x00000006e3400000, 0x00000006e3400000|100%| S|CS|TAMS 0x00000006e3300000, 0x00000006e3300000| Complete 
|  52|0x00000006e3400000, 0x00000006e3400000, 0x00000006e3500000|  0%| F|  |TAMS 0x00000006e3400000, 0x00000006e3400000| Untracked 
|  53|0x00000006e3500000, 0x00000006e3500000, 0x00000006e3600000|  0%| F|  |TAMS 0x00000006e3500000, 0x00000006e3500000| Untracked 
|  54|0x00000006e3600000, 0x00000006e3600000, 0x00000006e3700000|  0%| F|  |TAMS 0x00000006e3600000, 0x00000006e3600000| Untracked 
|  55|0x00000006e3700000, 0x00000006e3700000, 0x00000006e3800000|  0%| F|  |TAMS 0x00000006e3700000, 0x00000006e3700000| Untracked 
|  56|0x00000006e3800000, 0x00000006e3800000, 0x00000006e3900000|  0%| F|  |TAMS 0x00000006e3800000, 0x00000006e3800000| Untracked 
|  57|0x00000006e3900000, 0x00000006e3900000, 0x00000006e3a00000|  0%| F|  |TAMS 0x00000006e3900000, 0x00000006e3900000| Untracked 
|  58|0x00000006e3a00000, 0x00000006e3a00000, 0x00000006e3b00000|  0%| F|  |TAMS 0x00000006e3a00000, 0x00000006e3a00000| Untracked 
|  59|0x00000006e3b00000, 0x00000006e3b00000, 0x00000006e3c00000|  0%| F|  |TAMS 0x00000006e3b00000, 0x00000006e3b00000| Untracked 
|  60|0x00000006e3c00000, 0x00000006e3c00000, 0x00000006e3d00000|  0%| F|  |TAMS 0x00000006e3c00000, 0x00000006e3c00000| Untracked 
|  61|0x00000006e3d00000, 0x00000006e3d00000, 0x00000006e3e00000|  0%| F|  |TAMS 0x00000006e3d00000, 0x00000006e3d00000| Untracked 
|  62|0x00000006e3e00000, 0x00000006e3e00000, 0x00000006e3f00000|  0%| F|  |TAMS 0x00000006e3e00000, 0x00000006e3e00000| Untracked 
|  63|0x00000006e3f00000, 0x00000006e3f00000, 0x00000006e4000000|  0%| F|  |TAMS 0x00000006e3f00000, 0x00000006e3f00000| Untracked 
|  64|0x00000006e4000000, 0x00000006e4000000, 0x00000006e4100000|  0%| F|  |TAMS 0x00000006e4000000, 0x00000006e4000000| Untracked 
|  65|0x00000006e4100000, 0x00000006e4100000, 0x00000006e4200000|  0%| F|  |TAMS 0x00000006e4100000, 0x00000006e4100000| Untracked 
|  66|0x00000006e4200000, 0x00000006e4200000, 0x00000006e4300000|  0%| F|  |TAMS 0x00000006e4200000, 0x00000006e4200000| Untracked 
|  67|0x00000006e4300000, 0x00000006e4300000, 0x00000006e4400000|  0%| F|  |TAMS 0x00000006e4300000, 0x00000006e4300000| Untracked 
|  68|0x00000006e4400000, 0x00000006e4400000, 0x00000006e4500000|  0%| F|  |TAMS 0x00000006e4400000, 0x00000006e4400000| Untracked 
|  69|0x00000006e4500000, 0x00000006e4500000, 0x00000006e4600000|  0%| F|  |TAMS 0x00000006e4500000, 0x00000006e4500000| Untracked 
|  70|0x00000006e4600000, 0x00000006e4600000, 0x00000006e4700000|  0%| F|  |TAMS 0x00000006e4600000, 0x00000006e4600000| Untracked 
|  71|0x00000006e4700000, 0x00000006e4700000, 0x00000006e4800000|  0%| F|  |TAMS 0x00000006e4700000, 0x00000006e4700000| Untracked 
|  72|0x00000006e4800000, 0x00000006e4800000, 0x00000006e4900000|  0%| F|  |TAMS 0x00000006e4800000, 0x00000006e4800000| Untracked 
|  73|0x00000006e4900000, 0x00000006e4900000, 0x00000006e4a00000|  0%| F|  |TAMS 0x00000006e4900000, 0x00000006e4900000| Untracked 
|  74|0x00000006e4a00000, 0x00000006e4a00000, 0x00000006e4b00000|  0%| F|  |TAMS 0x00000006e4a00000, 0x00000006e4a00000| Untracked 
|  75|0x00000006e4b00000, 0x00000006e4b00000, 0x00000006e4c00000|  0%| F|  |TAMS 0x00000006e4b00000, 0x00000006e4b00000| Untracked 
|  76|0x00000006e4c00000, 0x00000006e4c00000, 0x00000006e4d00000|  0%| F|  |TAMS 0x00000006e4c00000, 0x00000006e4c00000| Untracked 
|  77|0x00000006e4d00000, 0x00000006e4d00000, 0x00000006e4e00000|  0%| F|  |TAMS 0x00000006e4d00000, 0x00000006e4d00000| Untracked 
|  78|0x00000006e4e00000, 0x00000006e4e00000, 0x00000006e4f00000|  0%| F|  |TAMS 0x00000006e4e00000, 0x00000006e4e00000| Untracked 
|  79|0x00000006e4f00000, 0x00000006e4f00000, 0x00000006e5000000|  0%| F|  |TAMS 0x00000006e4f00000, 0x00000006e4f00000| Untracked 
|  80|0x00000006e5000000, 0x00000006e5000000, 0x00000006e5100000|  0%| F|  |TAMS 0x00000006e5000000, 0x00000006e5000000| Untracked 
|  81|0x00000006e5100000, 0x00000006e5100000, 0x00000006e5200000|  0%| F|  |TAMS 0x00000006e5100000, 0x00000006e5100000| Untracked 
|  82|0x00000006e5200000, 0x00000006e5200000, 0x00000006e5300000|  0%| F|  |TAMS 0x00000006e5200000, 0x00000006e5200000| Untracked 
|  83|0x00000006e5300000, 0x00000006e5300000, 0x00000006e5400000|  0%| F|  |TAMS 0x00000006e5300000, 0x00000006e5300000| Untracked 
|  84|0x00000006e5400000, 0x00000006e5400000, 0x00000006e5500000|  0%| F|  |TAMS 0x00000006e5400000, 0x00000006e5400000| Untracked 
|  85|0x00000006e5500000, 0x00000006e5500000, 0x00000006e5600000|  0%| F|  |TAMS 0x00000006e5500000, 0x00000006e5500000| Untracked 
|  86|0x00000006e5600000, 0x00000006e5600000, 0x00000006e5700000|  0%| F|  |TAMS 0x00000006e5600000, 0x00000006e5600000| Untracked 
|  87|0x00000006e5700000, 0x00000006e5700000, 0x00000006e5800000|  0%| F|  |TAMS 0x00000006e5700000, 0x00000006e5700000| Untracked 
|  88|0x00000006e5800000, 0x00000006e5800000, 0x00000006e5900000|  0%| F|  |TAMS 0x00000006e5800000, 0x00000006e5800000| Untracked 
|  89|0x00000006e5900000, 0x00000006e5900000, 0x00000006e5a00000|  0%| F|  |TAMS 0x00000006e5900000, 0x00000006e5900000| Untracked 
|  90|0x00000006e5a00000, 0x00000006e5a00000, 0x00000006e5b00000|  0%| F|  |TAMS 0x00000006e5a00000, 0x00000006e5a00000| Untracked 
|  91|0x00000006e5b00000, 0x00000006e5b00000, 0x00000006e5c00000|  0%| F|  |TAMS 0x00000006e5b00000, 0x00000006e5b00000| Untracked 
|  92|0x00000006e5c00000, 0x00000006e5c00000, 0x00000006e5d00000|  0%| F|  |TAMS 0x00000006e5c00000, 0x00000006e5c00000| Untracked 
|  93|0x00000006e5d00000, 0x00000006e5d00000, 0x00000006e5e00000|  0%| F|  |TAMS 0x00000006e5d00000, 0x00000006e5d00000| Untracked 
|  94|0x00000006e5e00000, 0x00000006e5e00000, 0x00000006e5f00000|  0%| F|  |TAMS 0x00000006e5e00000, 0x00000006e5e00000| Untracked 
|  95|0x00000006e5f00000, 0x00000006e5f00000, 0x00000006e6000000|  0%| F|  |TAMS 0x00000006e5f00000, 0x00000006e5f00000| Untracked 
|  96|0x00000006e6000000, 0x00000006e6000000, 0x00000006e6100000|  0%| F|  |TAMS 0x00000006e6000000, 0x00000006e6000000| Untracked 
|  97|0x00000006e6100000, 0x00000006e6100000, 0x00000006e6200000|  0%| F|  |TAMS 0x00000006e6100000, 0x00000006e6100000| Untracked 
|  98|0x00000006e6200000, 0x00000006e6200000, 0x00000006e6300000|  0%| F|  |TAMS 0x00000006e6200000, 0x00000006e6200000| Untracked 
|  99|0x00000006e6300000, 0x00000006e6300000, 0x00000006e6400000|  0%| F|  |TAMS 0x00000006e6300000, 0x00000006e6300000| Untracked 
| 100|0x00000006e6400000, 0x00000006e6400000, 0x00000006e6500000|  0%| F|  |TAMS 0x00000006e6400000, 0x00000006e6400000| Untracked 
| 101|0x00000006e6500000, 0x00000006e6500000, 0x00000006e6600000|  0%| F|  |TAMS 0x00000006e6500000, 0x00000006e6500000| Untracked 
| 102|0x00000006e6600000, 0x00000006e6600000, 0x00000006e6700000|  0%| F|  |TAMS 0x00000006e6600000, 0x00000006e6600000| Untracked 
| 103|0x00000006e6700000, 0x00000006e6700000, 0x00000006e6800000|  0%| F|  |TAMS 0x00000006e6700000, 0x00000006e6700000| Untracked 
| 104|0x00000006e6800000, 0x00000006e6800000, 0x00000006e6900000|  0%| F|  |TAMS 0x00000006e6800000, 0x00000006e6800000| Untracked 
| 105|0x00000006e6900000, 0x00000006e6900000, 0x00000006e6a00000|  0%| F|  |TAMS 0x00000006e6900000, 0x00000006e6900000| Untracked 
| 106|0x00000006e6a00000, 0x00000006e6a00000, 0x00000006e6b00000|  0%| F|  |TAMS 0x00000006e6a00000, 0x00000006e6a00000| Untracked 
| 107|0x00000006e6b00000, 0x00000006e6b00000, 0x00000006e6c00000|  0%| F|  |TAMS 0x00000006e6b00000, 0x00000006e6b00000| Untracked 
| 108|0x00000006e6c00000, 0x00000006e6c00000, 0x00000006e6d00000|  0%| F|  |TAMS 0x00000006e6c00000, 0x00000006e6c00000| Untracked 
| 109|0x00000006e6d00000, 0x00000006e6d00000, 0x00000006e6e00000|  0%| F|  |TAMS 0x00000006e6d00000, 0x00000006e6d00000| Untracked 
| 110|0x00000006e6e00000, 0x00000006e6e00000, 0x00000006e6f00000|  0%| F|  |TAMS 0x00000006e6e00000, 0x00000006e6e00000| Untracked 
| 111|0x00000006e6f00000, 0x00000006e6f00000, 0x00000006e7000000|  0%| F|  |TAMS 0x00000006e6f00000, 0x00000006e6f00000| Untracked 
| 112|0x00000006e7000000, 0x00000006e7000000, 0x00000006e7100000|  0%| F|  |TAMS 0x00000006e7000000, 0x00000006e7000000| Untracked 
| 113|0x00000006e7100000, 0x00000006e7200000, 0x00000006e7200000|100%| E|  |TAMS 0x00000006e7100000, 0x00000006e7100000| Complete 
| 114|0x00000006e7200000, 0x00000006e7300000, 0x00000006e7300000|100%| E|CS|TAMS 0x00000006e7200000, 0x00000006e7200000| Complete 
| 115|0x00000006e7300000, 0x00000006e7400000, 0x00000006e7400000|100%| E|CS|TAMS 0x00000006e7300000, 0x00000006e7300000| Complete 
| 116|0x00000006e7400000, 0x00000006e7500000, 0x00000006e7500000|100%| E|CS|TAMS 0x00000006e7400000, 0x00000006e7400000| Complete 
| 117|0x00000006e7500000, 0x00000006e7600000, 0x00000006e7600000|100%| E|CS|TAMS 0x00000006e7500000, 0x00000006e7500000| Complete 

Card table byte_map: [0x0000025ad1fd0000,0x0000025ad28d0000] _byte_map_base: 0x0000025ace8d0000

Marking Bits (Prev, Next): (CMBitMap*) 0x0000025abeb04410, (CMBitMap*) 0x0000025abeb043d8
 Prev Bits: [0x0000025ad79d0000, 0x0000025adc1d0000)
 Next Bits: [0x0000025ad31d0000, 0x0000025ad79d0000)

Polling page: 0x0000025abc9d0000

Metaspace:

Usage:
  Non-class:     22.85 MB capacity,    22.41 MB ( 98%) used,   395.85 KB (  2%) free+waste,    58.19 KB ( <1%) overhead. 
      Class:      3.48 MB capacity,     3.23 MB ( 93%) used,   227.62 KB (  6%) free+waste,    29.06 KB ( <1%) overhead. 
       Both:     26.34 MB capacity,    25.64 MB ( 97%) used,   623.47 KB (  2%) free+waste,    87.25 KB ( <1%) overhead. 

Virtual space:
  Non-class space:       24.00 MB reserved,      23.00 MB ( 96%) committed 
      Class space:        1.00 GB reserved,       3.62 MB ( <1%) committed 
             Both:        1.02 GB reserved,      26.62 MB (  3%) committed 

Chunk freelists:
   Non-Class:  23.00 KB
       Class:  17.00 KB
        Both:  40.00 KB

MaxMetaspaceSize: 17179869184.00 GB
CompressedClassSpaceSize: 1.00 GB
Initial GC threshold: 20.80 MB
Current GC threshold: 34.79 MB
CDS: off

CodeHeap 'non-profiled nmethods': size=120064Kb used=1391Kb max_used=1391Kb free=118673Kb
 bounds [0x0000025aca080000, 0x0000025aca2f0000, 0x0000025ad15c0000]
CodeHeap 'profiled nmethods': size=120000Kb used=4930Kb max_used=4930Kb free=115069Kb
 bounds [0x0000025ac2b50000, 0x0000025ac3030000, 0x0000025aca080000]
CodeHeap 'non-nmethods': size=5696Kb used=1235Kb max_used=1273Kb free=4460Kb
 bounds [0x0000025ac25c0000, 0x0000025ac2830000, 0x0000025ac2b50000]
 total_blobs=2833 nmethods=2322 adapters=423
 compilation: enabled
              stopped_count=0, restarted_count=0
 full_count=0

Compilation events (20 events):
Event: 3.176 Thread 0x0000025adf3e2800 2306       3       org.gradle.internal.service.DefaultServiceRegistry$SingletonService::getAll (23 bytes)
Event: 3.176 Thread 0x0000025adf3e2800 nmethod 2306 0x0000025ac3007a90 code [0x0000025ac3007c60, 0x0000025ac3007ee8]
Event: 3.177 Thread 0x0000025adf3e2800 2307       3       java.lang.invoke.VarHandleObjects$FieldInstanceReadWrite::compareAndSet (38 bytes)
Event: 3.179 Thread 0x0000025adf3e2800 nmethod 2307 0x0000025ac3008010 code [0x0000025ac3008280, 0x0000025ac3008c28]
Event: 3.207 Thread 0x0000025adf3e2800 2309       3       java.lang.reflect.Executable::getGenericParameterTypes (20 bytes)
Event: 3.208 Thread 0x0000025adf3e2800 nmethod 2309 0x0000025ac3009010 code [0x0000025ac3009220, 0x0000025ac3009968]
Event: 3.208 Thread 0x0000025adf3e2800 2308       3       java.util.LinkedList::unlink (91 bytes)
Event: 3.208 Thread 0x0000025adf3e2800 nmethod 2308 0x0000025ac3009b10 code [0x0000025ac3009ce0, 0x0000025ac300a0f8]
Event: 3.210 Thread 0x0000025adf3e2800 2310       3       java.lang.reflect.Method::getGenericReturnType (20 bytes)
Event: 3.211 Thread 0x0000025adf3e2800 nmethod 2310 0x0000025ac300a210 code [0x0000025ac300a4c0, 0x0000025ac300b638]
Event: 3.211 Thread 0x0000025adf3e2800 2311   !   3       org.gradle.internal.service.MethodHandleBasedServiceMethodFactory::toServiceMethod (51 bytes)
Event: 3.212 Thread 0x0000025ae170f800 2314       4       java.util.ArrayList::iterator (9 bytes)
Event: 3.213 Thread 0x0000025adf3e2800 nmethod 2311 0x0000025ac300bb90 code [0x0000025ac300bf00, 0x0000025ac300d528]
Event: 3.213 Thread 0x0000025adf3e2800 2315       3       java.util.LinkedList$ListItr::<init> (47 bytes)
Event: 3.213 Thread 0x0000025adf3e2800 nmethod 2315 0x0000025ac300dc10 code [0x0000025ac300dde0, 0x0000025ac300e0c8]
Event: 3.213 Thread 0x0000025adf3e2800 2312       3       java.lang.reflect.Method::getGenericParameterTypes (5 bytes)
Event: 3.213 Thread 0x0000025ae170f800 nmethod 2314 0x0000025aca1da210 code [0x0000025aca1da3a0, 0x0000025aca1da498]
Event: 3.214 Thread 0x0000025adf3e2800 nmethod 2312 0x0000025ac300e210 code [0x0000025ac300e4e0, 0x0000025ac300f5f8]
Event: 3.214 Thread 0x0000025adf3e2800 2313       3       java.lang.reflect.Method::hasGenericInformation (13 bytes)
Event: 3.214 Thread 0x0000025adf3e2800 nmethod 2313 0x0000025ac300fb10 code [0x0000025ac300fcc0, 0x0000025ac300fe38]

GC Heap History (8 events):
Event: 0.793 GC heap before
{Heap before GC invocations=0 (full 0):
 garbage-first heap   total 120832K, used 25600K [0x00000006e0000000, 0x0000000800000000)
  region size 1024K, 22 young (22528K), 0 survivors (0K)
 Metaspace       used 7613K, capacity 7802K, committed 7936K, reserved 1056768K
  class space    used 672K, capacity 727K, committed 768K, reserved 1048576K
}
Event: 0.799 GC heap after
{Heap after GC invocations=1 (full 0):
 garbage-first heap   total 120832K, used 10570K [0x00000006e0000000, 0x0000000800000000)
  region size 1024K, 3 young (3072K), 3 survivors (3072K)
 Metaspace       used 7613K, capacity 7802K, committed 7936K, reserved 1056768K
  class space    used 672K, capacity 727K, committed 768K, reserved 1048576K
}
Event: 1.692 GC heap before
{Heap before GC invocations=1 (full 0):
 garbage-first heap   total 120832K, used 80202K [0x00000006e0000000, 0x0000000800000000)
  region size 1024K, 70 young (71680K), 3 survivors (3072K)
 Metaspace       used 11757K, capacity 12028K, committed 12288K, reserved 1060864K
  class space    used 1208K, capacity 1266K, committed 1280K, reserved 1048576K
}
Event: 1.700 GC heap after
{Heap after GC invocations=2 (full 0):
 garbage-first heap   total 120832K, used 16188K [0x00000006e0000000, 0x0000000800000000)
  region size 1024K, 9 young (9216K), 9 survivors (9216K)
 Metaspace       used 11757K, capacity 12028K, committed 12288K, reserved 1060864K
  class space    used 1208K, capacity 1266K, committed 1280K, reserved 1048576K
}
Event: 2.692 GC heap before
{Heap before GC invocations=2 (full 0):
 garbage-first heap   total 120832K, used 69436K [0x00000006e0000000, 0x0000000800000000)
  region size 1024K, 62 young (63488K), 9 survivors (9216K)
 Metaspace       used 20675K, capacity 21184K, committed 21248K, reserved 1069056K
  class space    used 2393K, capacity 2545K, committed 2560K, reserved 1048576K
}
Event: 2.700 GC heap after
{Heap after GC invocations=3 (full 0):
 garbage-first heap   total 120832K, used 19401K [0x00000006e0000000, 0x0000000800000000)
  region size 1024K, 3 young (3072K), 3 survivors (3072K)
 Metaspace       used 20675K, capacity 21184K, committed 21248K, reserved 1069056K
  class space    used 2393K, capacity 2545K, committed 2560K, reserved 1048576K
}
Event: 3.225 GC heap before
{Heap before GC invocations=4 (full 0):
 garbage-first heap   total 120832K, used 83913K [0x00000006e0000000, 0x0000000800000000)
  region size 1024K, 66 young (67584K), 3 survivors (3072K)
 Metaspace       used 26011K, capacity 26676K, committed 26880K, reserved 1073152K
  class space    used 3269K, capacity 3534K, committed 3584K, reserved 1048576K
}
Event: 3.228 GC heap after
{Heap after GC invocations=5 (full 0):
 garbage-first heap   total 120832K, used 21104K [0x00000006e0000000, 0x0000000800000000)
  region size 1024K, 5 young (5120K), 5 survivors (5120K)
 Metaspace       used 26011K, capacity 26676K, committed 26880K, reserved 1073152K
  class space    used 3269K, capacity 3534K, committed 3584K, reserved 1048576K
}

Deoptimization events (20 events):
Event: 2.893 Thread 0x0000025ae05dd800 Uncommon trap: trap_request=0xffffffc6 fr.pc=0x0000025aca119b64 relative=0x0000000000000124
Event: 2.893 Thread 0x0000025ae05dd800 Uncommon trap: reason=bimorphic_or_optimized_type_check action=maybe_recompile pc=0x0000025aca119b64 method=java.util.AbstractList$Itr.next()Ljava/lang/Object; @ 14 c2
Event: 2.893 Thread 0x0000025ae05dd800 DEOPT PACKING pc=0x0000025aca119b64 sp=0x000000f9bd1fa620
Event: 2.893 Thread 0x0000025ae05dd800 DEOPT UNPACKING pc=0x0000025ac260a1af sp=0x000000f9bd1fa5b8 mode 2
Event: 2.893 Thread 0x0000025ae05dd800 Uncommon trap: trap_request=0xffffff4d fr.pc=0x0000025aca112900 relative=0x0000000000000b80
Event: 2.893 Thread 0x0000025ae05dd800 Uncommon trap: reason=unstable_if action=reinterpret pc=0x0000025aca112900 method=java.io.File.getName()Ljava/lang/String; @ 16 c2
Event: 2.893 Thread 0x0000025ae05dd800 DEOPT PACKING pc=0x0000025aca112900 sp=0x000000f9bd1fb120
Event: 2.893 Thread 0x0000025ae05dd800 DEOPT UNPACKING pc=0x0000025ac260a1af sp=0x000000f9bd1fb100 mode 2
Event: 2.893 Thread 0x0000025ae05dd800 Uncommon trap: trap_request=0xffffff4d fr.pc=0x0000025aca1115c4 relative=0x0000000000000964
Event: 2.893 Thread 0x0000025ae05dd800 Uncommon trap: reason=unstable_if action=reinterpret pc=0x0000025aca1115c4 method=java.lang.String.substring(I)Ljava/lang/String; @ 34 c2
Event: 2.893 Thread 0x0000025ae05dd800 DEOPT PACKING pc=0x0000025aca1115c4 sp=0x000000f9bd1fb0b0
Event: 2.893 Thread 0x0000025ae05dd800 DEOPT UNPACKING pc=0x0000025ac260a1af sp=0x000000f9bd1fb088 mode 2
Event: 3.030 Thread 0x0000025ae05dd800 Uncommon trap: trap_request=0xffffff4d fr.pc=0x0000025aca180a5c relative=0x000000000000011c
Event: 3.030 Thread 0x0000025ae05dd800 Uncommon trap: reason=unstable_if action=reinterpret pc=0x0000025aca180a5c method=java.lang.ThreadLocal$ThreadLocalMap.getEntry(Ljava/lang/ThreadLocal;)Ljava/lang/ThreadLocal$ThreadLocalMap$Entry; @ 29 c2
Event: 3.030 Thread 0x0000025ae05dd800 DEOPT PACKING pc=0x0000025aca180a5c sp=0x000000f9bd1fd2f0
Event: 3.030 Thread 0x0000025ae05dd800 DEOPT UNPACKING pc=0x0000025ac260a1af sp=0x000000f9bd1fd230 mode 2
Event: 3.032 Thread 0x0000025ae05dd800 Uncommon trap: trap_request=0xffffffcc fr.pc=0x0000025aca1c0870 relative=0x0000000000000330
Event: 3.032 Thread 0x0000025ae05dd800 Uncommon trap: reason=intrinsic_or_type_checked_inlining action=make_not_entrant pc=0x0000025aca1c0870 method=java.util.Arrays.copyOf([Ljava/lang/Object;ILjava/lang/Class;)[Ljava/lang/Object; @ 35 c2
Event: 3.032 Thread 0x0000025ae05dd800 DEOPT PACKING pc=0x0000025aca1c0870 sp=0x000000f9bd1fcd20
Event: 3.032 Thread 0x0000025ae05dd800 DEOPT UNPACKING pc=0x0000025ac260a1af sp=0x000000f9bd1fccb0 mode 2

Classes redefined (0 events):
No events

Internal exceptions (20 events):
Event: 2.679 Thread 0x0000025ae05dd800 Exception <a 'java/lang/NoSuchMethodError'{0x00000006e42f6e60}: 'java.lang.Object java.lang.invoke.Invokers$Holder.linkToTargetMethod(java.lang.Object, java.lang.Object, java.lang.Object, java.lang.Object, java.lang.Object, java.lang.Object)'> (0x00000006e42f6e60) thrown at [src/hotspot/share/interpreter/linkResolver.cpp, line 773]
Event: 2.683 Thread 0x0000025ae05dd800 Exception <a 'java/lang/NoSuchMethodError'{0x00000006e413f100}: 'void java.lang.invoke.DirectMethodHandle$Holder.invokeStaticInit(java.lang.Object, java.lang.Object)'> (0x00000006e413f100) thrown at [src/hotspot/share/interpreter/linkResolver.cpp, line 773]
Event: 2.686 Thread 0x0000025ae05dd800 Exception <a 'java/lang/NoSuchMethodError'{0x00000006e4175210}: 'java.lang.Object java.lang.invoke.DirectMethodHandle$Holder.invokeSpecial(java.lang.Object, java.lang.Object, java.lang.Object, java.lang.Object, java.lang.Object, java.lang.Object, java.lang.Object, java.lang.Object, int, int)'> (0x00000006e4175210) thrown at [src/hotspot/share/interpreter/linkResolver.cpp, line 773]
Event: 2.710 Thread 0x0000025ae05dd800 Exception <a 'java/lang/NoSuchMethodError'{0x00000006e740f098}: 'void java.lang.invoke.DirectMethodHandle$Holder.invokeSpecial(java.lang.Object, java.lang.Object, java.lang.Object, java.lang.Object, java.lang.Object, java.lang.Object)'> (0x00000006e740f098) thrown at [src/hotspot/share/interpreter/linkResolver.cpp, line 773]
Event: 2.715 Thread 0x0000025ae05dd800 Exception <a 'java/lang/NoSuchMethodError'{0x00000006e745ac60}: 'java.lang.Object java.lang.invoke.DirectMethodHandle$Holder.invokeStatic(java.lang.Object, java.lang.Object, java.lang.Object, int, java.lang.Object, java.lang.Object)'> (0x00000006e745ac60) thrown at [src/hotspot/share/interpreter/linkResolver.cpp, line 773]
Event: 2.715 Thread 0x0000025ae05dd800 Exception <a 'java/lang/NoSuchMethodError'{0x00000006e74620c8}: 'java.lang.Object java.lang.invoke.Invokers$Holder.linkToTargetMethod(java.lang.Object, java.lang.Object, int, java.lang.Object, java.lang.Object, java.lang.Object)'> (0x00000006e74620c8) thrown at [src/hotspot/share/interpreter/linkResolver.cpp, line 773]
Event: 2.743 Thread 0x0000025ae05dd800 Exception <a 'java/lang/NoSuchMethodError'{0x00000006e712abc8}: 'void java.lang.invoke.DelegatingMethodHandle$Holder.reinvoke_L(java.lang.Object, java.lang.Object, java.lang.Object, java.lang.Object, java.lang.Object, java.lang.Object, java.lang.Object, java.lang.Object, java.lang.Object, java.lang.Object)'> (0x00000006e712abc8) thrown at [src/hotspot/share/interpreter/linkResolver.cpp, line 773]
Event: 2.743 Thread 0x0000025ae05dd800 Exception <a 'java/lang/NoSuchMethodError'{0x00000006e7132ac8}: 'java.lang.Object java.lang.invoke.DirectMethodHandle$Holder.invokeSpecial(java.lang.Object, java.lang.Object, java.lang.Object, java.lang.Object, java.lang.Object, java.lang.Object, java.lang.Object, java.lang.Object, java.lang.Object, java.lang.Object)'> (0x00000006e7132ac8) thrown at [src/hotspot/share/interpreter/linkResolver.cpp, line 773]
Event: 2.743 Thread 0x0000025ae05dd800 Exception <a 'java/lang/NoSuchMethodError'{0x00000006e7136fa0}: 'java.lang.Object java.lang.invoke.Invokers$Holder.invoker(java.lang.Object, java.lang.Object, java.lang.Object, java.lang.Object, java.lang.Object, java.lang.Object, java.lang.Object, java.lang.Object, java.lang.Object, java.lang.Object)'> (0x00000006e7136fa0) thrown at [src/hotspot/share/interpreter/linkResolver.cpp, line 773]
Event: 2.744 Thread 0x0000025ae05dd800 Exception <a 'java/lang/NoSuchMethodError'{0x00000006e713be40}: 'java.lang.Object java.lang.invoke.DirectMethodHandle$Holder.invokeSpecial(java.lang.Object, java.lang.Object, java.lang.Object, java.lang.Object, java.lang.Object, java.lang.Object, java.lang.Object, java.lang.Object, java.lang.Object, java.lang.Object, java.lang.Object)'> (0x00000006e713be40) thrown at [src/hotspot/share/interpreter/linkResolver.cpp, line 773]
Event: 2.832 Thread 0x0000025ae05dd800 Exception <a 'java/lang/NoSuchMethodError'{0x00000006e66a8230}: 'void java.lang.invoke.DirectMethodHandle$Holder.invokeStaticInit(java.lang.Object)'> (0x00000006e66a8230) thrown at [src/hotspot/share/interpreter/linkResolver.cpp, line 773]
Event: 2.844 Thread 0x0000025ae05dd800 Exception <a 'java/lang/NoSuchMethodError'{0x00000006e65bbf40}: 'java.lang.Object java.lang.invoke.DirectMethodHandle$Holder.invokeStatic(java.lang.Object, java.lang.Object, java.lang.Object, int)'> (0x00000006e65bbf40) thrown at [src/hotspot/share/interpreter/linkResolver.cpp, line 773]
Event: 2.844 Thread 0x0000025ae05dd800 Exception <a 'java/lang/NoSuchMethodError'{0x00000006e65c0108}: 'java.lang.Object java.lang.invoke.DirectMethodHandle$Holder.invokeSpecial(java.lang.Object, java.lang.Object, java.lang.Object, java.lang.Object, int)'> (0x00000006e65c0108) thrown at [src/hotspot/share/interpreter/linkResolver.cpp, line 773]
Event: 2.844 Thread 0x0000025ae05dd800 Exception <a 'java/lang/NoSuchMethodError'{0x00000006e65c3af0}: 'java.lang.Object java.lang.invoke.Invokers$Holder.linkToTargetMethod(java.lang.Object, java.lang.Object, int, java.lang.Object)'> (0x00000006e65c3af0) thrown at [src/hotspot/share/interpreter/linkResolver.cpp, line 773]
Event: 2.906 Thread 0x0000025ae05dd800 Exception <a 'java/lang/NoSuchMethodError'{0x00000006e5fb6190}: 'int java.lang.invoke.DirectMethodHandle$Holder.invokeVirtual(java.lang.Object, java.lang.Object, java.lang.Object)'> (0x00000006e5fb6190) thrown at [src/hotspot/share/interpreter/linkResolver.cpp, line 773]
Event: 2.918 Thread 0x0000025ae05dd800 Exception <a 'java/lang/NoSuchMethodError'{0x00000006e5d4b798}: 'int java.lang.invoke.DirectMethodHandle$Holder.invokeSpecialIFC(java.lang.Object, java.lang.Object, java.lang.Object, java.lang.Object)'> (0x00000006e5d4b798) thrown at [src/hotspot/share/interpreter/linkResolver.cpp, line 773]
Event: 2.919 Thread 0x0000025ae05dd800 Exception <a 'java/lang/NoSuchMethodError'{0x00000006e5d59668}: 'java.lang.Object java.lang.invoke.DirectMethodHandle$Holder.invokeInterface(java.lang.Object, java.lang.Object, java.lang.Object)'> (0x00000006e5d59668) thrown at [src/hotspot/share/interpreter/linkResolver.cpp, line 773]
Event: 2.920 Thread 0x0000025ae05dd800 Exception <a 'java/lang/IncompatibleClassChangeError'{0x00000006e5d5cb40}: Found class java.lang.Object, but interface was expected> (0x00000006e5d5cb40) thrown at [src/hotspot/share/interpreter/linkResolver.cpp, line 839]
Event: 2.926 Thread 0x0000025ae05dd800 Exception <a 'java/lang/NoSuchMethodError'{0x00000006e5c83b58}: 'void java.lang.invoke.DirectMethodHandle$Holder.invokeStatic(java.lang.Object, java.lang.Object, java.lang.Object, java.lang.Object, java.lang.Object)'> (0x00000006e5c83b58) thrown at [src/hotspot/share/interpreter/linkResolver.cpp, line 773]
Event: 2.991 Thread 0x0000025ae05dd800 Exception <a 'java/lang/IncompatibleClassChangeError'{0x00000006e5323070}: Found class java.lang.Object, but interface was expected> (0x00000006e5323070) thrown at [src/hotspot/share/interpreter/linkResolver.cpp, line 839]

Events (20 events):
Event: 3.221 loading class org/gradle/internal/composite/DefaultBuildIncluder
Event: 3.221 loading class org/gradle/internal/composite/DefaultBuildIncluder done
Event: 3.221 loading class org/gradle/api/internal/initialization/DefaultScriptClassPathResolver
Event: 3.221 loading class org/gradle/api/internal/initialization/DefaultScriptClassPathResolver done
Event: 3.222 loading class org/gradle/api/internal/artifacts/dsl/dependencies/DependencyFactoryInternal$ClassPathNotation
Event: 3.222 loading class org/gradle/api/internal/artifacts/dsl/dependencies/DependencyFactoryInternal$ClassPathNotation done
Event: 3.223 loading class org/gradle/api/internal/initialization/DefaultScriptHandlerFactory
Event: 3.223 loading class org/gradle/api/internal/initialization/DefaultScriptHandlerFactory done
Event: 3.223 loading class org/gradle/api/internal/artifacts/dsl/dependencies/ProjectFinder
Event: 3.223 loading class org/gradle/api/internal/artifacts/dsl/dependencies/ProjectFinder done
Event: 3.223 loading class org/gradle/api/internal/artifacts/DependencyManagementServices
Event: 3.223 loading class org/gradle/api/internal/artifacts/DependencyManagementServices done
Event: 3.223 loading class org/gradle/configurationcache/DefaultBuildModelControllerServices$ServicesProvider
Event: 3.223 loading class org/gradle/configurationcache/DefaultBuildModelControllerServices$ServicesProvider done
Event: 3.224 loading class org/gradle/tooling/provider/model/internal/IntermediateToolingModelProvider
Event: 3.224 loading class org/gradle/tooling/provider/model/internal/IntermediateToolingModelProvider done
Event: 3.225 loading class org/gradle/configurationcache/flow/FlowServicesProvider
Event: 3.225 loading class org/gradle/configurationcache/flow/FlowServicesProvider done
Event: 3.225 Executing VM operation: G1CollectForAllocation
Event: 3.228 Executing VM operation: G1CollectForAllocation done


Dynamic libraries:
0x00007ff747bc0000 - 0x00007ff747bca000 	D:\Program Files\AndroidStudio\jbr\bin\java.exe
0x00007ff81f5b0000 - 0x00007ff81f7a8000 	C:\Windows\SYSTEM32\ntdll.dll
0x00007ff81e5a0000 - 0x00007ff81e65d000 	C:\Windows\System32\KERNEL32.DLL
0x00007ff81cd00000 - 0x00007ff81cff6000 	C:\Windows\System32\KERNELBASE.dll
0x00007ff81d410000 - 0x00007ff81d510000 	C:\Windows\System32\ucrtbase.dll
0x00007ff8185d0000 - 0x00007ff8185e7000 	D:\Program Files\AndroidStudio\jbr\bin\jli.dll
0x00007ff818590000 - 0x00007ff8185ab000 	D:\Program Files\AndroidStudio\jbr\bin\VCRUNTIME140.dll
0x00007ff81e350000 - 0x00007ff81e4ef000 	C:\Windows\System32\USER32.dll
0x00007ff80b5e0000 - 0x00007ff80b87a000 	C:\Windows\WinSxS\amd64_microsoft.windows.common-controls_6595b64144ccf1df_6.0.19041.4355_none_60b8b9eb71f62e16\COMCTL32.dll
0x00007ff81d1b0000 - 0x00007ff81d1d2000 	C:\Windows\System32\win32u.dll
0x00007ff81f060000 - 0x00007ff81f0fe000 	C:\Windows\System32\msvcrt.dll
0x00007ff81d8f0000 - 0x00007ff81d91b000 	C:\Windows\System32\GDI32.dll
0x00007ff81d000000 - 0x00007ff81d117000 	C:\Windows\System32\gdi32full.dll
0x00007ff81d370000 - 0x00007ff81d40d000 	C:\Windows\System32\msvcp_win.dll
0x00007ff81ddc0000 - 0x00007ff81ddef000 	C:\Windows\System32\IMM32.DLL
0x00007ff819560000 - 0x00007ff81956c000 	D:\Program Files\AndroidStudio\jbr\bin\vcruntime140_1.dll
0x00007ffff5190000 - 0x00007ffff521d000 	D:\Program Files\AndroidStudio\jbr\bin\msvcp140.dll
0x00007ffff13c0000 - 0x00007ffff1f7c000 	D:\Program Files\AndroidStudio\jbr\bin\server\jvm.dll
0x00007ff81f380000 - 0x00007ff81f430000 	C:\Windows\System32\ADVAPI32.dll
0x00007ff81f4a0000 - 0x00007ff81f540000 	C:\Windows\System32\sechost.dll
0x00007ff81dc80000 - 0x00007ff81dda3000 	C:\Windows\System32\RPCRT4.dll
0x00007ff81d1e0000 - 0x00007ff81d207000 	C:\Windows\System32\bcrypt.dll
0x00007ff81f370000 - 0x00007ff81f378000 	C:\Windows\System32\PSAPI.DLL
0x00007ff819420000 - 0x00007ff819429000 	C:\Windows\SYSTEM32\WSOCK32.dll
0x00007ff814230000 - 0x00007ff81423a000 	C:\Windows\SYSTEM32\VERSION.dll
0x00007ff81f430000 - 0x00007ff81f49b000 	C:\Windows\System32\WS2_32.dll
0x00007ff811f70000 - 0x00007ff811f97000 	C:\Windows\SYSTEM32\WINMM.dll
0x00007ff81b440000 - 0x00007ff81b452000 	C:\Windows\SYSTEM32\kernel.appcore.dll
0x00007ff818560000 - 0x00007ff818570000 	D:\Program Files\AndroidStudio\jbr\bin\verify.dll
0x00007ff81ac60000 - 0x00007ff81ae44000 	C:\Windows\SYSTEM32\DBGHELP.DLL
0x00007ff80da00000 - 0x00007ff80da34000 	C:\Windows\SYSTEM32\dbgcore.DLL
0x00007ff81d120000 - 0x00007ff81d1a2000 	C:\Windows\System32\bcryptPrimitives.dll
0x00007ff816930000 - 0x00007ff816958000 	D:\Program Files\AndroidStudio\jbr\bin\java.dll
0x00007ff815410000 - 0x00007ff81541a000 	D:\Program Files\AndroidStudio\jbr\bin\jimage.dll
0x00007ff8105c0000 - 0x00007ff8105ce000 	D:\Program Files\AndroidStudio\jbr\bin\instrument.dll
0x00007ff814b80000 - 0x00007ff814b98000 	D:\Program Files\AndroidStudio\jbr\bin\zip.dll
0x00007ff81e8f0000 - 0x00007ff81f05c000 	C:\Windows\System32\SHELL32.dll
0x00007ff81a4c0000 - 0x00007ff81ac5d000 	C:\Windows\SYSTEM32\windows.storage.dll
0x00007ff81d920000 - 0x00007ff81dc73000 	C:\Windows\System32\combase.dll
0x00007ff81c590000 - 0x00007ff81c5be000 	C:\Windows\SYSTEM32\Wldp.dll
0x00007ff81d5e0000 - 0x00007ff81d6ad000 	C:\Windows\System32\OLEAUT32.dll
0x00007ff81d840000 - 0x00007ff81d8ed000 	C:\Windows\System32\SHCORE.dll
0x00007ff81d7e0000 - 0x00007ff81d835000 	C:\Windows\System32\shlwapi.dll
0x00007ff81cb70000 - 0x00007ff81cb94000 	C:\Windows\SYSTEM32\profapi.dll
0x00007ff810530000 - 0x00007ff810549000 	D:\Program Files\AndroidStudio\jbr\bin\net.dll
0x00007ff815100000 - 0x00007ff81520a000 	C:\Windows\SYSTEM32\WINHTTP.dll
0x00007ff81c2f0000 - 0x00007ff81c35a000 	C:\Windows\system32\mswsock.dll
0x00007ff810510000 - 0x00007ff810523000 	D:\Program Files\AndroidStudio\jbr\bin\nio.dll
0x00007ff804390000 - 0x00007ff8043b7000 	C:\Users\¿ËÌ‡\.gradle\native\c067742578af261105cb4f569cf0c3c89f3d7b1fecec35dd04571415982c5e48\windows-amd64\native-platform.dll
0x00007ffff1270000 - 0x00007ffff13b4000 	C:\Users\¿ËÌ‡\.gradle\native\38dada09dfb8b06ba9b0570ebf7e218e3eb74d4ef43ca46872605cf95ebc2f47\windows-amd64\native-platform-file-events.dll
0x00007ff815400000 - 0x00007ff81540a000 	D:\Program Files\AndroidStudio\jbr\bin\management.dll
0x00007ff814f00000 - 0x00007ff814f0b000 	D:\Program Files\AndroidStudio\jbr\bin\management_ext.dll
0x00007ff81c4f0000 - 0x00007ff81c508000 	C:\Windows\SYSTEM32\CRYPTSP.dll
0x00007ff81bbf0000 - 0x00007ff81bc24000 	C:\Windows\system32\rsaenh.dll
0x00007ff81cae0000 - 0x00007ff81cb0e000 	C:\Windows\SYSTEM32\USERENV.dll
0x00007ff81c4e0000 - 0x00007ff81c4ec000 	C:\Windows\SYSTEM32\CRYPTBASE.dll
0x00007ff81bfd0000 - 0x00007ff81c00b000 	C:\Windows\SYSTEM32\IPHLPAPI.DLL
0x00007ff81e660000 - 0x00007ff81e668000 	C:\Windows\System32\NSI.dll
0x00007ff814240000 - 0x00007ff814257000 	C:\Windows\SYSTEM32\dhcpcsvc6.DLL
0x00007ff814dd0000 - 0x00007ff814ded000 	C:\Windows\SYSTEM32\dhcpcsvc.DLL
0x00007ff81c010000 - 0x00007ff81c0da000 	C:\Windows\SYSTEM32\DNSAPI.dll

dbghelp: loaded successfully - version: 4.0.5 - missing functions: none
symbol engine: initialized successfully - sym options: 0x614 - pdb path: .;D:\Program Files\AndroidStudio\jbr\bin;C:\Windows\SYSTEM32;C:\Windows\WinSxS\amd64_microsoft.windows.common-controls_6595b64144ccf1df_6.0.19041.4355_none_60b8b9eb71f62e16;D:\Program Files\AndroidStudio\jbr\bin\server;C:\Users\¿ËÌ‡\.gradle\native\c067742578af261105cb4f569cf0c3c89f3d7b1fecec35dd04571415982c5e48\windows-amd64;C:\Users\¿ËÌ‡\.gradle\native\38dada09dfb8b06ba9b0570ebf7e218e3eb74d4ef43ca46872605cf95ebc2f47\windows-amd64

VM Arguments:
jvm_args: --add-opens=java.base/java.util=ALL-UNNAMED --add-opens=java.base/java.lang=ALL-UNNAMED --add-opens=java.base/java.lang.invoke=ALL-UNNAMED --add-opens=java.prefs/java.util.prefs=ALL-UNNAMED --add-opens=java.base/java.nio.charset=ALL-UNNAMED --add-opens=java.base/java.net=ALL-UNNAMED --add-opens=java.base/java.util.concurrent.atomic=ALL-UNNAMED -Xmx4608m -Dfile.encoding=UTF-8 -Duser.country=RU -Duser.language=ru -Duser.variant -javaagent:C:\Users\¿ËÌ‡\.gradle\wrapper\dists\gradle-8.7-bin\bhs2wmbdwecv87pi65oeuq5iu\gradle-8.7\lib\agents\gradle-instrumentation-agent-8.7.jar 
java_command: org.gradle.launcher.daemon.bootstrap.GradleDaemon 8.7
java_class_path (initial): C:\Users\¿ËÌ‡\.gradle\wrapper\dists\gradle-8.7-bin\bhs2wmbdwecv87pi65oeuq5iu\gradle-8.7\lib\gradle-launcher-8.7.jar
Launcher Type: SUN_STANDARD

[Global flags]
     intx CICompilerCount                          = 3                                         {product} {ergonomic}
     uint ConcGCThreads                            = 2                                         {product} {ergonomic}
     uint G1ConcRefinementThreads                  = 6                                         {product} {ergonomic}
   size_t G1HeapRegionSize                         = 1048576                                   {product} {ergonomic}
    uintx GCDrainStackTargetSize                   = 64                                        {product} {ergonomic}
   size_t InitialHeapSize                          = 123731968                                 {product} {ergonomic}
   size_t MarkStackSize                            = 4194304                                   {product} {ergonomic}
   size_t MaxHeapSize                              = 4831838208                                {product} {command line}
   size_t MaxNewSize                               = 2898264064                                {product} {ergonomic}
   size_t MinHeapDeltaBytes                        = 1048576                                   {product} {ergonomic}
    uintx NonNMethodCodeHeapSize                   = 5830732                                {pd product} {ergonomic}
    uintx NonProfiledCodeHeapSize                  = 122913754                              {pd product} {ergonomic}
    uintx ProfiledCodeHeapSize                     = 122913754                              {pd product} {ergonomic}
    uintx ReservedCodeCacheSize                    = 251658240                              {pd product} {ergonomic}
     bool SegmentedCodeCache                       = true                                      {product} {ergonomic}
     bool UseCompressedClassPointers               = true                                 {lp64_product} {ergonomic}
     bool UseCompressedOops                        = true                                 {lp64_product} {ergonomic}
     bool UseG1GC                                  = true                                      {product} {ergonomic}
     bool UseLargePagesIndividualAllocation        = false                                  {pd product} {ergonomic}

Logging:
Log output configuration:
 #0: stdout all=warning uptime,level,tags
 #1: stderr all=off uptime,level,tags

Environment Variables:
PATH=C:\Program Files (x86)\Common Files\Oracle\Java\java8path;C:\Program Files (x86)\Common Files\Oracle\Java\javapath;C:\Program Files (x86)\Embarcadero\Studio\22.0\bin;C:\Users\Public\Documents\Embarcadero\Studio\22.0\Bpl;C:\Program Files (x86)\Embarcadero\Studio\22.0\bin64;C:\Users\Public\Documents\Embarcadero\Studio\22.0\Bpl\Win64;C:\gcc\gcc\bin;C:\gcc\gcc\libexec\gcc\x86_64-w64-mingw32\13.1.0;C:\Windows\system32;C:\Windows;C:\Windows\System32\Wbem;C:\Windows\System32\WindowsPowerShell\v1.0\;C:\Windows\System32\OpenSSH\;C:\Program Files (x86)\dotnet\;C:\php;C:\ProgramData\ComposerSetup\bin;C:\python39;C:\TEMP\calculator\venv\Lib\site-packages\PySide6\scripts;C:\TEMP\make\bin;C:\Program Files (x86)\Windows Kits\10\Windows Performance Toolkit\;C:\Program Files\Git\cmd;C:\Users\¿ËÌ‡\AppData\Local\Microsoft\WindowsApps;C:\Users\¿ËÌ‡\AppData\Local\Programs\Microsoft VS Code\bin;C:\Users\¿ËÌ‡\AppData\Roaming\Composer\vendor\bin;C:\Program Files\JetBrains\IntelliJ IDEA 2022.3.2\bin;;C:\msys64\ucrt64\bin;
USERNAME=¿ËÌ‡
OS=Windows_NT
PROCESSOR_IDENTIFIER=AMD64 Family 23 Model 96 Stepping 1, AuthenticAMD



---------------  S Y S T E M  ---------------

OS: Windows 10 , 64 bit Build 19041 (10.0.19041.3636)
OS uptime: 1 days 20:28 hours
Hyper-V role detected

CPU:total 6 (initial active 6) (6 cores per cpu, 1 threads per core) family 23 model 96 stepping 1 microcode 0x0, cmov, cx8, fxsr, mmx, sse, sse2, sse3, ssse3, sse4.1, sse4.2, popcnt, avx, avx2, aes, clmul, mmxext, 3dnowpref, lzcnt, sse4a, tsc, tscinvbit, tscinv, bmi1, bmi2, adx, sha, fma

Memory: 4k page, system-wide physical 7549M (484M free)
TotalPageFile size 11645M (AvailPageFile size 5M)
current process WorkingSet (physical memory assigned to process): 220M, peak: 220M
current process commit charge ("private bytes"): 279M, peak: 280M

vm_info: OpenJDK 64-Bit Server VM (11.0.15+0-b2043.56-9505619) for windows-amd64 JRE (11.0.15+0-b2043.56-9505619), built on Jan 19 2023 02:48:00 by "builduser" with unknown MS VC++:1929

END.
