#
# There is insufficient memory for the Java Runtime Environment to continue.
# Native memory allocation (mmap) failed to map 123731968 bytes. Error detail: G1 virtual space
# Possible reasons:
#   The system is out of physical RAM or swap space
#   This process is running with CompressedOops enabled, and the Java Heap may be blocking the growth of the native heap
# Possible solutions:
#   Reduce memory load on the system
#   Increase physical memory or swap space
#   Check if swap backing store is full
#   Decrease Java heap size (-Xmx/-Xms)
#   Decrease number of Java threads
#   Decrease Java thread stack sizes (-Xss)
#   Set larger code cache with -XX:ReservedCodeCacheSize=
#   JVM is running with Unscaled Compressed Oops mode in which the Java heap is
#     placed in the first 4GB address space. The Java Heap base address is the
#     maximum limit for the native heap growth. Please use -XX:HeapBaseMinAddress
#     to set the Java Heap base and to place the Java Heap above 4GB virtual address.
# This output file may be truncated or incomplete.
#
#  Out of Memory Error (os_windows.cpp:3825), pid=11344, tid=7632
#
# JRE version:  (17.0.11) (build )
# Java VM: OpenJDK 64-Bit Server VM (17.0.11+0--11852314, mixed mode, sharing, tiered, compressed oops, compressed class ptrs, g1 gc, windows-amd64)
# No core dump will be written. Minidumps are not enabled by default on client versions of Windows
#

---------------  S U M M A R Y ------------

Command Line: org.jetbrains.kotlin.cli.jvm.K2JVMCompiler @D:\Temp\Android_project\HabitsTracker\app\build\20240802_12923707130761281402.compiler.options

Host: AMD Ryzen 5 4500U with Radeon Graphics         , 6 cores, 7G,  Windows 10 , 64 bit Build 19041 (10.0.19041.4597)
Time: Fri Aug  2 21:18:52 2024 RTZ 7 (s 10 , 64 bit Build 19041 (10.0.19041.4597) elapsed time: 0.015024 seconds (0d 0h 0m 0s)

---------------  T H R E A D  ---------------

Current thread (0x0000024ded77e240):  JavaThread "Unknown thread" [_thread_in_vm, id=7632, stack(0x0000007560500000,0x0000007560600000)]

Stack: [0x0000007560500000,0x0000007560600000]
Native frames: (J=compiled Java code, j=interpreted, Vv=VM code, C=native code)
V  [jvm.dll+0x687bb9]
V  [jvm.dll+0x84142a]
V  [jvm.dll+0x8430ae]
V  [jvm.dll+0x843713]
V  [jvm.dll+0x24a35f]
V  [jvm.dll+0x684989]
V  [jvm.dll+0x67923a]
V  [jvm.dll+0x30af0b]
V  [jvm.dll+0x3123b6]
V  [jvm.dll+0x361dfe]
V  [jvm.dll+0x36202f]
V  [jvm.dll+0x2e0d38]
V  [jvm.dll+0x2e1ca4]
V  [jvm.dll+0x811f21]
V  [jvm.dll+0x36fb68]
V  [jvm.dll+0x7f0896]
V  [jvm.dll+0x3f3d2f]
V  [jvm.dll+0x3f58e1]
C  [jli.dll+0x528f]
C  [ucrtbase.dll+0x21bb2]
C  [KERNEL32.DLL+0x17374]
C  [ntdll.dll+0x4cc91]


---------------  P R O C E S S  ---------------

Threads class SMR info:
_java_thread_list=0x00007ff99a3aefd8, length=0, elements={
}

Java Threads: ( => current thread )

Other Threads:
  0x0000024ded7d5900 GCTaskThread "GC Thread#0" [stack: 0x0000007560700000,0x0000007560800000] [id=7992]
  0x0000024ded7e5450 ConcurrentGCThread "G1 Main Marker" [stack: 0x0000007560800000,0x0000007560900000] [id=2044]
  0x0000024ded7e5e70 ConcurrentGCThread "G1 Conc#0" [stack: 0x0000007560900000,0x0000007560a00000] [id=3572]

[error occurred during error reporting (printing all threads), id 0xc0000005, EXCEPTION_ACCESS_VIOLATION (0xc0000005) at pc=0x00007ff999b61907]

VM state: not at safepoint (not fully initialized)

VM Mutex/Monitor currently owned by a thread:  ([mutex/lock_event])
[0x0000024ded7793f0] Heap_lock - owner thread: 0x0000024ded77e240

Heap address: 0x000000008a000000, size: 1888 MB, Compressed Oops mode: 32-bit

CDS archive(s) mapped at: [0x0000000000000000-0x0000000000000000-0x0000000000000000), size 0, SharedBaseAddress: 0x0000000800000000, ArchiveRelocationMode: 1.
Narrow klass base: 0x0000000000000000, Narrow klass shift: 0, Narrow klass range: 0x0

GC Precious Log:
<Empty>

Heap:
 garbage-first heap   total 0K, used 0K [0x000000008a000000, 0x0000000100000000)
  region size 1024K, 0 young (0K), 0 survivors (0K)
 Metaspace       used 0K, committed 0K, reserved 0K
  class space    used 0K, committed 0K, reserved 0K

Heap Regions: E=young(eden), S=young(survivor), O=old, HS=humongous(starts), HC=humongous(continues), CS=collection set, F=free, OA=open archive, CA=closed archive, TAMS=top-at-mark-start (previous, next)

Card table byte_map: [0x0000024d803b0000,0x0000024d80760000] _byte_map_base: 0x0000024d7ff60000

Marking Bits (Prev, Next): (CMBitMap*) 0x0000024ded7d5f20, (CMBitMap*) 0x0000024ded7d5f60
 Prev Bits: [0x0000024d80b10000, 0x0000024d82890000)
 Next Bits: [0x0000024d82890000, 0x0000024d84610000)

GC Heap History (0 events):
No events

Dll operation events (1 events):
Event: 0.009 Loaded shared library D:\Program Files\AS\jbr\bin\java.dll

Deoptimization events (0 events):
No events

Classes unloaded (0 events):
No events

Classes redefined (0 events):
No events

Internal exceptions (0 events):
No events

VM Operations (0 events):
No events

Events (0 events):
No events


Dynamic libraries:
0x00007ff6ed650000 - 0x00007ff6ed65a000 	D:\Program Files\AS\jbr\bin\java.exe
0x00007ff9d0cf0000 - 0x00007ff9d0ee8000 	C:\Windows\SYSTEM32\ntdll.dll
0x00007ff9cefe0000 - 0x00007ff9cf0a1000 	C:\Windows\System32\KERNEL32.DLL
0x00007ff9ce680000 - 0x00007ff9ce976000 	C:\Windows\System32\KERNELBASE.dll
0x00007ff9ceb80000 - 0x00007ff9cec80000 	C:\Windows\System32\ucrtbase.dll
0x00007ff9c6c20000 - 0x00007ff9c6c37000 	D:\Program Files\AS\jbr\bin\jli.dll
0x00007ff9cfbe0000 - 0x00007ff9cfd7f000 	C:\Windows\System32\USER32.dll
0x00007ff9ce980000 - 0x00007ff9ce9a2000 	C:\Windows\System32\win32u.dll
0x00007ff9cf440000 - 0x00007ff9cf46b000 	C:\Windows\System32\GDI32.dll
0x00007ff9cea60000 - 0x00007ff9ceb77000 	C:\Windows\System32\gdi32full.dll
0x00007ff9ce480000 - 0x00007ff9ce51d000 	C:\Windows\System32\msvcp_win.dll
0x00007ff9b9bf0000 - 0x00007ff9b9c0b000 	D:\Program Files\AS\jbr\bin\VCRUNTIME140.dll
0x00007ff9bc330000 - 0x00007ff9bc5ca000 	C:\Windows\WinSxS\amd64_microsoft.windows.common-controls_6595b64144ccf1df_6.0.19041.4355_none_60b8b9eb71f62e16\COMCTL32.dll
0x00007ff9d09e0000 - 0x00007ff9d0a7e000 	C:\Windows\System32\msvcrt.dll
0x00007ff9d0270000 - 0x00007ff9d029f000 	C:\Windows\System32\IMM32.DLL
0x00007ff9c1810000 - 0x00007ff9c181c000 	D:\Program Files\AS\jbr\bin\vcruntime140_1.dll
0x00007ff9b01a0000 - 0x00007ff9b022d000 	D:\Program Files\AS\jbr\bin\msvcp140.dll
0x00007ff999870000 - 0x00007ff99a4f3000 	D:\Program Files\AS\jbr\bin\server\jvm.dll
0x00007ff9cecf0000 - 0x00007ff9ceda0000 	C:\Windows\System32\ADVAPI32.dll
0x00007ff9cf190000 - 0x00007ff9cf230000 	C:\Windows\System32\sechost.dll
0x00007ff9d0850000 - 0x00007ff9d0973000 	C:\Windows\System32\RPCRT4.dll
0x00007ff9ce370000 - 0x00007ff9ce397000 	C:\Windows\System32\bcrypt.dll
0x00007ff9ce1c0000 - 0x00007ff9ce20b000 	C:\Windows\SYSTEM32\POWRPROF.dll
0x00007ff9cb130000 - 0x00007ff9cb139000 	C:\Windows\SYSTEM32\WSOCK32.dll
0x00007ff9d02a0000 - 0x00007ff9d030b000 	C:\Windows\System32\WS2_32.dll
0x00007ff9c35b0000 - 0x00007ff9c35d7000 	C:\Windows\SYSTEM32\WINMM.dll
0x00007ff9c5b90000 - 0x00007ff9c5b9a000 	C:\Windows\SYSTEM32\VERSION.dll
0x00007ff9ce1a0000 - 0x00007ff9ce1b2000 	C:\Windows\SYSTEM32\UMPDC.dll
0x00007ff9ccb70000 - 0x00007ff9ccb82000 	C:\Windows\SYSTEM32\kernel.appcore.dll
0x00007ff9caae0000 - 0x00007ff9caaea000 	D:\Program Files\AS\jbr\bin\jimage.dll
0x00007ff9cc3a0000 - 0x00007ff9cc584000 	C:\Windows\SYSTEM32\DBGHELP.DLL
0x00007ff9c4fa0000 - 0x00007ff9c4fd4000 	C:\Windows\SYSTEM32\dbgcore.DLL
0x00007ff9ce3f0000 - 0x00007ff9ce472000 	C:\Windows\System32\bcryptPrimitives.dll
0x00007ff9c7fe0000 - 0x00007ff9c8005000 	D:\Program Files\AS\jbr\bin\java.dll

dbghelp: loaded successfully - version: 4.0.5 - missing functions: none
symbol engine: initialized successfully - sym options: 0x614 - pdb path: .;D:\Program Files\AS\jbr\bin;C:\Windows\SYSTEM32;C:\Windows\WinSxS\amd64_microsoft.windows.common-controls_6595b64144ccf1df_6.0.19041.4355_none_60b8b9eb71f62e16;D:\Program Files\AS\jbr\bin\server

VM Arguments:
java_command: org.jetbrains.kotlin.cli.jvm.K2JVMCompiler @D:\Temp\Android_project\HabitsTracker\app\build\20240802_12923707130761281402.compiler.options
java_class_path (initial): C:\Users\Арина\.gradle\caches\modules-2\files-2.1\org.jetbrains.kotlin\kotlin-compiler-embeddable\1.8.0\eb9118d4bcceaa2a94b2ae2a33a4ddba7c9a947f\kotlin-compiler-embeddable-1.8.0.jar;C:\Users\Арина\.gradle\caches\modules-2\files-2.1\org.jetbrains.kotlin\kotlin-stdlib\1.8.0\1796921c7a3e2e2665a83e6c8d33399336cd39bc\kotlin-stdlib-1.8.0.jar;C:\Users\Арина\.gradle\caches\modules-2\files-2.1\org.jetbrains.kotlin\kotlin-script-runtime\1.8.0\b2f7e760d283cb339974851c222a4c1d48f2d3d\kotlin-script-runtime-1.8.0.jar;C:\Users\Арина\.gradle\caches\modules-2\files-2.1\org.jetbrains.kotlin\kotlin-reflect\1.6.10\1cbe9c92c12a94eea200d23c2bbaedaf3daf5132\kotlin-reflect-1.6.10.jar;C:\Users\Арина\.gradle\caches\modules-2\files-2.1\org.jetbrains.kotlin\kotlin-daemon-embeddable\1.8.0\d255216c551685dc3a7e852b53617f5f01aaaa5c\kotlin-daemon-embeddable-1.8.0.jar;C:\Users\Арина\.gradle\caches\modules-2\files-2.1\org.jetbrains.intellij.deps\trove4j\1.0.20200330\3afb14d5f9ceb459d724e907a21145e8ff394f02\trove4j-1.0.20200330.jar;C:\Users\Арина\.gradle\caches\modules-2\files-2.1\net.java.dev.jna\jna\5.6.0\330f2244e9030119ab3030fc3fededc86713d9cc\jna-5.6.0.jar;C:\Users\Арина\.gradle\caches\modules-2\files-2.1\org.jetbrains.kotlin\kotlin-stdlib-common\1.8.0\f7197e7cc76453ac59f8b0f8d5137cc600becd36\kotlin-stdlib-common-1.8.0.jar;C:\Users\Арина\.gradle\caches\modules-2\files-2.1\org.jetbrains\annotations\13.0\919f0dfe192fb4e063e7dacadee7f8bb9a2672a9\annotations-13.0.jar
Launcher Type: SUN_STANDARD

[Global flags]
     intx CICompilerCount                          = 3                                         {product} {ergonomic}
     uint ConcGCThreads                            = 2                                         {product} {ergonomic}
     uint G1ConcRefinementThreads                  = 6                                         {product} {ergonomic}
   size_t G1HeapRegionSize                         = 1048576                                   {product} {ergonomic}
    uintx GCDrainStackTargetSize                   = 64                                        {product} {ergonomic}
   size_t InitialHeapSize                          = 123731968                                 {product} {ergonomic}
   size_t MarkStackSize                            = 4194304                                   {product} {ergonomic}
   size_t MaxHeapSize                              = 1979711488                                {product} {ergonomic}
   size_t MinHeapDeltaBytes                        = 1048576                                   {product} {ergonomic}
   size_t MinHeapSize                              = 8388608                                   {product} {ergonomic}
    uintx NonNMethodCodeHeapSize                   = 5832780                                {pd product} {ergonomic}
    uintx NonProfiledCodeHeapSize                  = 122912730                              {pd product} {ergonomic}
    uintx ProfiledCodeHeapSize                     = 122912730                              {pd product} {ergonomic}
    uintx ReservedCodeCacheSize                    = 251658240                              {pd product} {ergonomic}
     bool SegmentedCodeCache                       = true                                      {product} {ergonomic}
   size_t SoftMaxHeapSize                          = 1979711488                             {manageable} {ergonomic}
     bool UseCompressedClassPointers               = true                           {product lp64_product} {ergonomic}
     bool UseCompressedOops                        = true                           {product lp64_product} {ergonomic}
     bool UseG1GC                                  = true                                      {product} {ergonomic}
     bool UseLargePagesIndividualAllocation        = false                                  {pd product} {ergonomic}

Logging:
Log output configuration:
 #0: stdout all=warning uptime,level,tags
 #1: stderr all=off uptime,level,tags

Environment Variables:
PATH=C:\Program Files (x86)\Common Files\Oracle\Java\java8path;C:\Program Files (x86)\Common Files\Oracle\Java\javapath;C:\Program Files (x86)\Embarcadero\Studio\22.0\bin;C:\Users\Public\Documents\Embarcadero\Studio\22.0\Bpl;C:\Program Files (x86)\Embarcadero\Studio\22.0\bin64;C:\Users\Public\Documents\Embarcadero\Studio\22.0\Bpl\Win64;C:\gcc\gcc\bin;C:\gcc\gcc\libexec\gcc\x86_64-w64-mingw32\13.1.0;C:\Windows\system32;C:\Windows;C:\Windows\System32\Wbem;C:\Windows\System32\WindowsPowerShell\v1.0\;C:\Windows\System32\OpenSSH\;C:\Program Files (x86)\dotnet\;C:\php;C:\ProgramData\ComposerSetup\bin;C:\python39;C:\TEMP\calculator\venv\Lib\site-packages\PySide6\scripts;C:\TEMP\make\bin;C:\Program Files (x86)\Windows Kits\10\Windows Performance Toolkit\;C:\Program Files\Git\cmd;C:\Users\Арина\AppData\Local\Microsoft\WindowsApps;C:\Users\Арина\AppData\Local\Programs\Microsoft VS Code\bin;C:\Users\Арина\AppData\Roaming\Composer\vendor\bin;C:\Program Files\JetBrains\IntelliJ IDEA 2022.3.2\bin;;C:\msys64\ucrt64\bin;
USERNAME=Арина
OS=Windows_NT
PROCESSOR_IDENTIFIER=AMD64 Family 23 Model 96 Stepping 1, AuthenticAMD
TMP=C:\Users\F730~1\AppData\Local\Temp
TEMP=C:\Users\F730~1\AppData\Local\Temp



Periodic native trim disabled

JNI global refs:
JNI global refs: 0, weak refs: 0

JNI global refs memory usage: 0, weak refs: 0

Process memory usage:
Resident Set Size: 10808K (0% of 7730488K total physical memory with 453940K free physical memory)

OOME stack traces (most recent first):
Classloader memory used:


---------------  S Y S T E M  ---------------

OS:
 Windows 10 , 64 bit Build 19041 (10.0.19041.4597)
OS uptime: 0 days 9:35 hours
Hyper-V role detected

CPU: total 6 (initial active 6) (6 cores per cpu, 1 threads per core) family 23 model 96 stepping 1 microcode 0x0, cx8, cmov, fxsr, mmx, 3dnowpref, sse, sse2, sse3, ssse3, sse4a, sse4.1, sse4.2, popcnt, lzcnt, tsc, tscinvbit, avx, avx2, aes, clmul, bmi1, bmi2, adx, sha, fma, vzeroupper, clflush, clflushopt, hv
Processor Information for all 6 processors :
  Max Mhz: 2375, Current Mhz: 2375, Mhz Limit: 2375

Memory: 4k page, system-wide physical 7549M (443M free)
TotalPageFile size 11645M (AvailPageFile size 29M)
current process WorkingSet (physical memory assigned to process): 10M, peak: 10M
current process commit charge ("private bytes"): 56M, peak: 174M

vm_info: OpenJDK 64-Bit Server VM (17.0.11+0--11852314) for windows-amd64 JRE (17.0.11+0--11852314), built on May 16 2024 21:29:20 by "androidbuild" with MS VC++ 16.10 / 16.11 (VS2019)

END.
